<?xml version="1.0" encoding="UTF-8"?>
<testsuite xmlns:xsi="http://www.w3.org/2001/XMLSchema-instance" xsi:noNamespaceSchemaLocation="https://maven.apache.org/surefire/maven-surefire-plugin/xsd/surefire-test-report.xsd" name="Runner.TestRunner2" time="9.997" tests="5" errors="0" skipped="0" failures="0">
  <properties>
[...]
</properties>
  <testcase name="runScenario" classname="Runner.TestRunner2" time="6.271"/>
  <testcase name="runScenario" classname="Runner.TestRunner2" time="0.647"/>
  <testcase name="runScenario" classname="Runner.TestRunner2" time="0.367"/>
  <testcase name="runScenario" classname="Runner.TestRunner2" time="1.085"/>
  <testcase name="runScenario" classname="Runner.TestRunner2" time="0.813"/>
</testsuite>