<?xml version="1.0" encoding="UTF-8"?>
<testsuite xmlns:xsi="http://www.w3.org/2001/XMLSchema-instance" xsi:noNamespaceSchemaLocation="https://maven.apache.org/surefire/maven-surefire-plugin/xsd/surefire-test-report.xsd" name="Runner.TestRunner" time="0.488" tests="7" errors="0" skipped="7" failures="0">
  <properties>
[...]
</properties>
  <testcase name="Enter GMO OnLine site" classname="Test GMO Post" time="0">
    <skipped message="This scenario is skipped"/>
    <system-out><![CDATA[Feature: Test GMO Post

  @GMOHome
  Scenario: Enter GMO OnLine site            &amp#27;[90m# src/test/java/Features/GMO.feature:4&amp#27;[0m
    &amp#27;[36mGiven &amp#27;[0m&amp#27;[36mI am on GMO Home Page&amp#27;[0m              &amp#27;[90m# GMO_Steps.i_am_on_GMO_Home_Page()&amp#27;[0m
    &amp#27;[36mWhen &amp#27;[0m&amp#27;[36mI Enter GMO site&amp#27;[0m                    &amp#27;[90m# GMO_Steps.i_Enter_GMO_site()&amp#27;[0m
    &amp#27;[36mThen &amp#27;[0m&amp#27;[36mI should see Catalog page displayed&amp#27;[0m &amp#27;[90m# GMO_Steps.i_should_see_Catalog_page_displayed()&amp#27;[0m
]]></system-out>
  </testcase>
  <testcase name="Order an item from the cataolg displayed" classname="Test GMO Post" time="0">
    <skipped message="This scenario is skipped"/>
    <system-out><![CDATA[
  @Catalog
  Scenario Outline: Order an item from the cataolg displayed &amp#27;[90m# src/test/java/Features/GMO.feature:10&amp#27;[0m
    &amp#27;[36mGiven I am on Catalog page&amp#27;[0m
    &amp#27;[36mWhen I order "<orderQty>" for item "<itemDesc>"&amp#27;[0m
    &amp#27;[36mThen I should see quantity for "<itemDesc>" equals "<orderQty>"&amp#27;[0m

    Examples: 

  @Catalog
  Scenario Outline: Order an item from the cataolg displayed  &amp#27;[90m# src/test/java/Features/GMO.feature:16&amp#27;[0m
    &amp#27;[36mGiven &amp#27;[0m&amp#27;[36mI am on Catalog page&amp#27;[0m                                &amp#27;[90m# GMO_Steps.i_am_on_Catalog_page()&amp#27;[0m
    &amp#27;[36mWhen &amp#27;[0m&amp#27;[36mI order &amp#27;[0m&amp#27;[36m&amp#27;[1m"10"&amp#27;[0m&amp#27;[36m for item &amp#27;[0m&amp#27;[36m&amp#27;[1m"Hiking Boots"&amp#27;[0m                 &amp#27;[90m# GMO_Steps.i_order_for_item(String,String)&amp#27;[0m
    &amp#27;[36mThen &amp#27;[0m&amp#27;[36mI should see quantity for &amp#27;[0m&amp#27;[36m&amp#27;[1m"Hiking Boots"&amp#27;[0m&amp#27;[36m equals &amp#27;[0m&amp#27;[36m&amp#27;[1m"10"&amp#27;[0m &amp#27;[90m# GMO_Steps.i_should_see_quantity_for_equals(String,String)&amp#27;[0m
]]></system-out>
  </testcase>
  <testcase name="Order an item from the cataolg displayed" classname="Test GMO Post" time="0">
    <skipped message="This scenario is skipped"/>
    <system-out><![CDATA[
  @Catalog
  Scenario Outline: Order an item from the cataolg displayed       &amp#27;[90m# src/test/java/Features/GMO.feature:17&amp#27;[0m
    &amp#27;[36mGiven &amp#27;[0m&amp#27;[36mI am on Catalog page&amp#27;[0m                                     &amp#27;[90m# GMO_Steps.i_am_on_Catalog_page()&amp#27;[0m
    &amp#27;[36mWhen &amp#27;[0m&amp#27;[36mI order &amp#27;[0m&amp#27;[36m&amp#27;[1m"4"&amp#27;[0m&amp#27;[36m for item &amp#27;[0m&amp#27;[36m&amp#27;[1m"3 Person Dome Tent"&amp#27;[0m                 &amp#27;[90m# GMO_Steps.i_order_for_item(String,String)&amp#27;[0m
    &amp#27;[36mThen &amp#27;[0m&amp#27;[36mI should see quantity for &amp#27;[0m&amp#27;[36m&amp#27;[1m"3 Person Dome Tent"&amp#27;[0m&amp#27;[36m equals &amp#27;[0m&amp#27;[36m&amp#27;[1m"4"&amp#27;[0m &amp#27;[90m# GMO_Steps.i_should_see_quantity_for_equals(String,String)&amp#27;[0m
]]></system-out>
  </testcase>
  <testcase name="Place the order for item selected" classname="Test GMO Post" time="0">
    <skipped message="This scenario is skipped"/>
    <system-out><![CDATA[
  @SelectItems
  Scenario: Place the order for item selected    &amp#27;[90m# src/test/java/Features/GMO.feature:20&amp#27;[0m
    &amp#27;[36mGiven &amp#27;[0m&amp#27;[36mI have selected the items&amp#27;[0m              &amp#27;[90m# GMO_Steps.i_have_selected_the_items()&amp#27;[0m
    &amp#27;[36mWhen &amp#27;[0m&amp#27;[36mI place the order&amp#27;[0m                       &amp#27;[90m# GMO_Steps.i_place_the_order()&amp#27;[0m
    &amp#27;[36mThen &amp#27;[0m&amp#27;[36mI should see place order page displayed&amp#27;[0m &amp#27;[90m# GMO_Steps.i_should_see_place_order_page_displayed()&amp#27;[0m
]]></system-out>
  </testcase>
  <testcase name="Proceed with Order confirmation" classname="Test GMO Post" time="0">
    <skipped message="This scenario is skipped"/>
    <system-out><![CDATA[
  @PlaceOrder
  Scenario: Proceed with Order confirmation        &amp#27;[90m# src/test/java/Features/GMO.feature:26&amp#27;[0m
    &amp#27;[36mGiven &amp#27;[0m&amp#27;[36mI am on Place Order page&amp#27;[0m                 &amp#27;[90m# GMO_Steps.i_am_on_Place_Order_page()&amp#27;[0m
    &amp#27;[36mAnd &amp#27;[0m&amp#27;[36mI confirm my orders and proceed to billing&amp#27;[0m &amp#27;[90m# GMO_Steps.i_confirm_my_orders_and_proceed_to_billing()&amp#27;[0m
    &amp#27;[36mThen &amp#27;[0m&amp#27;[36mI should see billing page&amp#27;[0m                 &amp#27;[90m# GMO_Steps.i_should_see_billing_page()&amp#27;[0m
]]></system-out>
  </testcase>
  <testcase name="Provided billing address and checkout" classname="Test GMO Post" time="0">
    <skipped message="This scenario is skipped"/>
    <system-out><![CDATA[
  @Billing
  Scenario: Provided billing address and checkout &amp#27;[90m# src/test/java/Features/GMO.feature:32&amp#27;[0m
    &amp#27;[36mGiven &amp#27;[0m&amp#27;[36mI am on Billing page&amp#27;[0m                    &amp#27;[90m# GMO_Steps.i_am_on_Billing_page()&amp#27;[0m
    &amp#27;[36mWhen &amp#27;[0m&amp#27;[36mI input customer billing details&amp#27;[0m         &amp#27;[90m# GMO_Steps.i_input_customer_billing_details()&amp#27;[0m
    &amp#27;[36mAnd &amp#27;[0m&amp#27;[36mI placed the order&amp#27;[0m                        &amp#27;[90m# GMO_Steps.i_placed_the_order()&amp#27;[0m
    &amp#27;[36mThen &amp#27;[0m&amp#27;[36mI reciept page should display&amp#27;[0m            &amp#27;[90m# GMO_Steps.i_reciept_page_should_display()&amp#27;[0m
]]></system-out>
  </testcase>
  <testcase name="Confirm receipt and return to GMO home page" classname="Test GMO Post" time="0">
    <skipped message="This scenario is skipped"/>
    <system-out><![CDATA[
  @Receipt
  Scenario: Confirm receipt and return to GMO home page &amp#27;[90m# src/test/java/Features/GMO.feature:39&amp#27;[0m
    &amp#27;[36mGiven &amp#27;[0m&amp#27;[36mI am in Receipt page&amp#27;[0m                          &amp#27;[90m# GMO_Steps.i_am_in_Receipt_page()&amp#27;[0m
    &amp#27;[36mWhen &amp#27;[0m&amp#27;[36mI opt to return to home page&amp#27;[0m                   &amp#27;[90m# GMO_Steps.i_opt_to_return_to_home_page()&amp#27;[0m
    &amp#27;[36mThen &amp#27;[0m&amp#27;[36mI should navigate to GMO home page&amp#27;[0m             &amp#27;[90m# GMO_Steps.i_should_navigate_to_GMO_home_page()&amp#27;[0m
]]></system-out>
  </testcase>
</testsuite>