<?xml version="1.0" encoding="UTF-8"?>
<testng-results skipped="0" failed="0" ignored="0" total="1" passed="1">
  <reporter-output>
  </reporter-output>
  <suite name="Default suite" duration-ms="24034" started-at="2019-12-22T11:50:35Z" finished-at="2019-12-22T11:50:59Z">
    <groups>
    </groups>
    <test name="Default test" duration-ms="24034" started-at="2019-12-22T11:50:35Z" finished-at="2019-12-22T11:50:59Z">
      <class name="SelPack1.Dropdowns">
        <test-method status="PASS" signature="dropTest()[pri:0, instance:SelPack1.Dropdowns@224edc67]" name="dropTest" duration-ms="24007" started-at="2019-12-22T17:20:35Z" finished-at="2019-12-22T17:20:59Z">
          <reporter-output>
          </reporter-output>
        </test-method> <!-- dropTest -->
      </class> <!-- SelPack1.Dropdowns -->
    </test> <!-- Default test -->
  </suite> <!-- Default suite -->
</testng-results>
