<?xml version="1.0" encoding="UTF-8"?>
<testng-results skipped="0" failed="0" ignored="0" total="5" passed="5">
  <reporter-output>
  </reporter-output>
  <suite name="Default suite" duration-ms="7992" started-at="2020-01-15T09:48:26Z" finished-at="2020-01-15T09:48:34Z">
    <groups>
      <group name="cucumber">
        <method signature="AbstractTestNGCucumberTests.runScenario(cucumber.api.testng.PickleEventWrapper, cucumber.api.testng.CucumberFeatureWrapper)[pri:0, instance:Runner.TestRunner2@31ef45e3]" name="runScenario" class="cucumber.api.testng.AbstractTestNGCucumberTests"/>
      </group> <!-- cucumber -->
    </groups>
    <test name="Default test" duration-ms="7992" started-at="2020-01-15T09:48:26Z" finished-at="2020-01-15T09:48:34Z">
      <class name="Runner.TestRunner2">
        <test-method status="PASS" signature="setUpClass()[pri:0, instance:Runner.TestRunner2@31ef45e3]" name="setUpClass" is-config="true" duration-ms="109" started-at="2020-01-15T09:48:26Z" finished-at="2020-01-15T09:48:27Z">
          <reporter-output>
          </reporter-output>
        </test-method> <!-- setUpClass -->
        <test-method status="PASS" signature="runScenario(cucumber.api.testng.PickleEventWrapper, cucumber.api.testng.CucumberFeatureWrapper)[pri:0, instance:Runner.TestRunner2@31ef45e3]" name="runScenario" duration-ms="4918" started-at="2020-01-15T09:48:27Z" description="Runs Cucumber Scenarios" data-provider="scenarios" finished-at="2020-01-15T09:48:32Z">
          <params>
            <param index="0">
              <value>
                <![CDATA["Enter GMO OnLine site"]]>
              </value>
            </param>
            <param index="1">
              <value>
                <![CDATA["Test GMO Post"]]>
              </value>
            </param>
          </params>
          <reporter-output>
          </reporter-output>
        </test-method> <!-- runScenario -->
        <test-method status="PASS" signature="runScenario(cucumber.api.testng.PickleEventWrapper, cucumber.api.testng.CucumberFeatureWrapper)[pri:0, instance:Runner.TestRunner2@31ef45e3]" name="runScenario" duration-ms="638" started-at="2020-01-15T09:48:32Z" description="Runs Cucumber Scenarios" data-provider="scenarios" finished-at="2020-01-15T09:48:32Z">
          <params>
            <param index="0">
              <value>
                <![CDATA["Order an item from the catalog displayed"]]>
              </value>
            </param>
            <param index="1">
              <value>
                <![CDATA["Test GMO Post"]]>
              </value>
            </param>
          </params>
          <reporter-output>
          </reporter-output>
        </test-method> <!-- runScenario -->
        <test-method status="PASS" signature="runScenario(cucumber.api.testng.PickleEventWrapper, cucumber.api.testng.CucumberFeatureWrapper)[pri:0, instance:Runner.TestRunner2@31ef45e3]" name="runScenario" duration-ms="337" started-at="2020-01-15T09:48:32Z" description="Runs Cucumber Scenarios" data-provider="scenarios" finished-at="2020-01-15T09:48:33Z">
          <params>
            <param index="0">
              <value>
                <![CDATA["Proceed with Order confirmation"]]>
              </value>
            </param>
            <param index="1">
              <value>
                <![CDATA["Test GMO Post"]]>
              </value>
            </param>
          </params>
          <reporter-output>
          </reporter-output>
        </test-method> <!-- runScenario -->
        <test-method status="PASS" signature="runScenario(cucumber.api.testng.PickleEventWrapper, cucumber.api.testng.CucumberFeatureWrapper)[pri:0, instance:Runner.TestRunner2@31ef45e3]" name="runScenario" duration-ms="1131" started-at="2020-01-15T09:48:33Z" description="Runs Cucumber Scenarios" data-provider="scenarios" finished-at="2020-01-15T09:48:34Z">
          <params>
            <param index="0">
              <value>
                <![CDATA["Provide billing address and checkout"]]>
              </value>
            </param>
            <param index="1">
              <value>
                <![CDATA["Test GMO Post"]]>
              </value>
            </param>
          </params>
          <reporter-output>
          </reporter-output>
        </test-method> <!-- runScenario -->
        <test-method status="PASS" signature="runScenario(cucumber.api.testng.PickleEventWrapper, cucumber.api.testng.CucumberFeatureWrapper)[pri:0, instance:Runner.TestRunner2@31ef45e3]" name="runScenario" duration-ms="710" started-at="2020-01-15T09:48:34Z" description="Runs Cucumber Scenarios" data-provider="scenarios" finished-at="2020-01-15T09:48:34Z">
          <params>
            <param index="0">
              <value>
                <![CDATA["confirm receipt and return to GMO home page"]]>
              </value>
            </param>
            <param index="1">
              <value>
                <![CDATA["Test GMO Post"]]>
              </value>
            </param>
          </params>
          <reporter-output>
          </reporter-output>
        </test-method> <!-- runScenario -->
        <test-method status="PASS" signature="tearDownClass()[pri:0, instance:Runner.TestRunner2@31ef45e3]" name="tearDownClass" is-config="true" duration-ms="78" started-at="2020-01-15T09:48:34Z" finished-at="2020-01-15T09:48:34Z">
          <reporter-output>
          </reporter-output>
        </test-method> <!-- tearDownClass -->
      </class> <!-- Runner.TestRunner2 -->
    </test> <!-- Default test -->
  </suite> <!-- Default suite -->
</testng-results>
